ispLEVER Auto-Make Log File
---------------------------

Updating: JEDEC File
Start to record tcl script...
Finished recording TCL script.

Starting: 'D:\lscc\ispLEVER_Classic2_0\ispcpld\bin\Synpwrap.exe -rem -e test01 -target ispmach4000b -pro '

Copyright (c) 1991-2010 Lattice Semiconductor Corporation,  All rights reserved.
Version : 2.0.00.17.20.15

Done sucessfully with exit code 0.
#Build: Synplify Pro I-2014.03LC , Build 063R, May 27 2014
#install: D:\lscc\ispLEVER_Classic2_0\synpbase
#OS: Windows 7 6.1
#Hostname: SEA-NOTE

#Implementation: clock_isplvr_prj

$ Start of Compile
#Thu Feb 18 09:40:34 2016

Synopsys Verilog Compiler, version comp201403rcp1, Build 060R, built May 27 2014
@N|Running in 64-bit mode
Copyright (C) 1994-2014 Synopsys, Inc. This software and the associated documentation are proprietary to Synopsys, Inc. This software may only be used in accordance with the terms and conditions of a written license agreement with Synopsys, Inc.  All other use, reproduction, or distribution of this software is strictly prohibited.

@I::"D:\lscc\ispLEVER_Classic2_0\synpbase\lib\vlog\umr_capim.v"
@I::"D:\lscc\ispLEVER_Classic2_0\synpbase\lib\vlog\scemi_objects.v"
@I::"D:\lscc\ispLEVER_Classic2_0\synpbase\lib\vlog\scemi_pipes.svh"
@I::"D:\lscc\ispLEVER_Classic2_0\synpbase\lib\vlog\hypermods.v"
@I::"D:\lscc\ispLEVER_Classic2_0\ispcpld\..\cae_library\synthesis\verilog\mach.v"
@I::"D:\fpga_projects\fpga_simple_clock\clock_isplvr_prj\test01.h"
@I::"D:\fpga_projects\fpga_simple_clock\clock_isplvr_prj\bcd2seg0_2.v"
@I::"D:\fpga_projects\fpga_simple_clock\clock_isplvr_prj\bcd2seg0_9.v"
@I::"D:\fpga_projects\fpga_simple_clock\clock_isplvr_prj\bcd2seg0_5.v"
@I::"D:\fpga_projects\fpga_simple_clock\clock_isplvr_prj\test01.v"
Verilog syntax check successful!
File D:\fpga_projects\fpga_simple_clock\clock_isplvr_prj\bcd2seg0_2.v changed - recompiling
File D:\fpga_projects\fpga_simple_clock\clock_isplvr_prj\bcd2seg0_9.v changed - recompiling
File D:\fpga_projects\fpga_simple_clock\clock_isplvr_prj\bcd2seg0_5.v changed - recompiling
File D:\fpga_projects\fpga_simple_clock\clock_isplvr_prj\test01.v changed - recompiling
Selecting top level module test01
@N: CG364 :"D:\fpga_projects\fpga_simple_clock\clock_isplvr_prj\bcd2seg0_9.v":2:7:2:16|Synthesizing module bcd2seg0_9

@N: CG364 :"D:\fpga_projects\fpga_simple_clock\clock_isplvr_prj\bcd2seg0_5.v":2:7:2:16|Synthesizing module bcd2seg0_5

@N: CG364 :"D:\fpga_projects\fpga_simple_clock\clock_isplvr_prj\bcd2seg0_2.v":2:7:2:16|Synthesizing module bcd2seg0_2

@N: CG364 :"D:\fpga_projects\fpga_simple_clock\clock_isplvr_prj\test01.v":1:7:1:12|Synthesizing module test01

@W: CG532 :"D:\fpga_projects\fpga_simple_clock\clock_isplvr_prj\test01.v":19:20:19:26|Initial statement will only initialize memories through the usage of $readmemh and $readmemb. Everything else is ignored
@N: CG179 :"D:\fpga_projects\fpga_simple_clock\clock_isplvr_prj\test01.v":52:66:52:66|Removing redundant assignment
@N: CG179 :"D:\fpga_projects\fpga_simple_clock\clock_isplvr_prj\test01.v":53:66:53:67|Removing redundant assignment
@N: CG179 :"D:\fpga_projects\fpga_simple_clock\clock_isplvr_prj\test01.v":54:66:54:66|Removing redundant assignment
@N: CG179 :"D:\fpga_projects\fpga_simple_clock\clock_isplvr_prj\test01.v":55:66:55:67|Removing redundant assignment
@END

At c_ver Exit (Real Time elapsed 0h:00m:00s; CPU Time elapsed 0h:00m:00s; Memory used current: 68MB peak: 70MB)

Process took 0h:00m:01s realtime, 0h:00m:01s cputime
# Thu Feb 18 09:40:34 2016

###########################################################]
Synopsys Netlist Linker, version comp201403rcp1, Build 060R, built May 27 2014
@N|Running in 64-bit mode
File D:\fpga_projects\fpga_simple_clock\clock_isplvr_prj\synwork\test01_comp.srs changed - recompiling

At syn_nfilter Exit (Real Time elapsed 0h:00m:00s; CPU Time elapsed 0h:00m:00s; Memory used current: 67MB peak: 68MB)

Process took 0h:00m:01s realtime, 0h:00m:01s cputime
# Thu Feb 18 09:40:35 2016

###########################################################]

Synplicity VHDL/Verilog HDL Synthesizer finished successfully

Done: completed successfully.

Starting: 'D:\lscc\ispLEVER_Classic2_0\ispcpld\bin\edif2blf.exe -edf test01.edi -out test01.bl0 -err automake.err -log test01.log -prj test01 -lib "D:\lscc\ispLEVER_Classic2_0\ispcpld/dat/mach.edn" -net_Vcc VCC -net_GND GND -nbx -dse -tlw -cvt YES -xor'

Starting EDIF2BLIF....
readEDIF ended normally.

Inspect circuit test01
    Number of input ports   : 6
    Number of output ports  : 18
    Number of bidir ports   : 0
    Number of instances     : 361
    Number of nets          : 367

No design errors found in circuit test01

WriteBLIF ended normally.

Done: completed successfully.

Starting: 'D:\lscc\ispLEVER_Classic2_0\ispcpld\bin\mblifopt.exe test01.bl0 -collapse none -reduce none -err automake.err -gui -keepwires'

BLIFOPT  Open-ABEL Optimizer 
U.C. Berkeley, SIS Ver. 1.0, supported by Lattice Semiconductor
ispLEVER Classic 2.0 Copyright 1992-2015 Lattice Semiconductor. All Rights Reserved.
Reading Open-ABEL 2 file test01.bl0...
Writing Open-ABEL 2 (BLIF) file test01.bl1...
Note    0: 
BLIFOPT complete - Time 0 seconds
Done: completed successfully.

Starting: 'D:\lscc\ispLEVER_Classic2_0\ispcpld\bin\mblflink.exe "test01.bl1" -o "test01.bl2" -omod "test01" -gui -err "automake.err"'

BLIFLINK  Top-Down Design Linker
ispLEVER Classic 2.0 Copyright 1992-2015 Lattice Semiconductor. All Rights Reserved.

Top-level file: 'test01.bl1'

Hierarchical BLIF: 'test01.bl2'

BLIFLINK complete.  Time: 1 second 
Done: completed successfully.

Starting: 'D:\lscc\ispLEVER_Classic2_0\ispcpld\bin\impsrc.exe -gui -prj test01 -lci test01.lct -log test01.imp -err automake.err -tti test01.bl2 -dir d:\fpga_projects\fpga_simple_clock\clock_isplvr_prj'

No pin assignment or valid property.
No source constraints were imported.
Done: completed successfully.

Starting: 'D:\lscc\ispLEVER_Classic2_0\ispcpld\bin\abelvci.exe -vci test01.lct -blifopt test01.b2_'

Done: completed successfully.

Starting: 'D:\lscc\ispLEVER_Classic2_0\ispcpld\bin\mblifopt.exe test01.bl2 -sweep -mergefb -err automake.err -o test01.bl3 @test01.b2_ -gui'

BLIFOPT  Open-ABEL Optimizer 
U.C. Berkeley, SIS Ver. 1.0, supported by Lattice Semiconductor
ispLEVER Classic 2.0 Copyright 1992-2015 Lattice Semiconductor. All Rights Reserved.
Reading Open-ABEL 2 file test01.bl2...
Merging feedbacks...
Note 13707: Node hh_i_1__n is collapsed...
Note 13707: Node un2_h_1_i is collapsed...
Note 13707: Node hh_cy_i is collapsed...
Note 13707: Node N_90_i is collapsed...
Note 13707: Node N_91_i is collapsed...
Note 13707: Node N_115_i is collapsed...
Note 13707: Node N_113_i is collapsed...
Note 13707: Node N_81_i is collapsed...
Note 13707: Node N_82_i is collapsed...
Note 13707: Node N_83_i is collapsed...
Note 13707: Node N_111_i is collapsed...
Note 13707: Node N_78_i is collapsed...
Note 13707: Node N_79_i is collapsed...
Note 13707: Node N_80_i is collapsed...
Note 13707: Node N_84_i is collapsed...
Note 13707: Node N_85_i is collapsed...
Note 13707: Node sseg_mm_seg_buf20_i_n is collapsed...
Note 13707: Node N_105_i is collapsed...
Note 13707: Node sseg_mm_n_10_i_n is collapsed...
Note 13707: Node sseg_mm_n_11_i_n is collapsed...
Note 13707: Node N_106_i is collapsed...
Note 13707: Node N_107_i is collapsed...
Note 13707: Node N_108_i is collapsed...
Note 13707: Node btn_SS_c is collapsed...
Note 13707: Node btn_MM_c is collapsed...
Note 13707: Node btn_HH_c is collapsed...
Note 13707: Node led_second_tick_c is collapsed...
Note 13707: Node N_112_i is collapsed...
Note 13707: Node in_clk_c is collapsed...
Note 13707: Node N_116_i is collapsed...
Note 13707: Node clk_div_i_10__n is collapsed...
Note 13707: Node clk_div_i_9__n is collapsed...
Note 13707: Node clk_div_i_12__n is collapsed...
Note 13707: Node clk_div_i_11__n is collapsed...
Note 13707: Node clk_div_i_8__n is collapsed...
Note 13707: Node btn_HH_c_i is collapsed...
Note 13707: Node clk_div_i_13__n is collapsed...
Note 13707: Node clk_div_i_6__n is collapsed...
Note 13707: Node un1_h_i is collapsed...
Note 13707: Node btn_SS_i is collapsed...
Note 13707: Node btn_MM_c_i is collapsed...
Note 13707: Node N_76_i is collapsed...
Note 13707: Node sec_i_3__n is collapsed...
Note 13707: Node N_77_i is collapsed...
Note 13707: Node e3_i is collapsed...
Note 13707: Node N_117_i is collapsed...
Note 13707: Node N_74_i is collapsed...
Note 13707: Node N_75_i is collapsed...
Note 13707: Node N_72_i is collapsed...
Note 13707: Node N_73_i is collapsed...
Note 13707: Node N_67_i is collapsed...
Note 13707: Node N_68_i is collapsed...
Note 13707: Node N_69_i is collapsed...
Note 13707: Node N_70_i is collapsed...
Note 13707: Node N_71_i is collapsed...
Note 13707: Node N_294 is collapsed...
Note 13707: Node N_296 is collapsed...
Note 13707: Node in_clk_i is collapsed...
Note 13707: Node led_gnd1_i_i is collapsed...
Note 13707: Node N_134 is collapsed...
Note 13707: Node sseg_m_led9_i_m2_un3_n is collapsed...
Note 13707: Node sseg_m_led17_i_m2_un3_n is collapsed...
Note 13707: Node sseg_m_led16_i_m2_un3_n is collapsed...
Note 13707: Node sseg_m_led15_i_m2_un3_n is collapsed...
Note 13707: Node h_cy is collapsed...
Note 13707: Node sseg_m_led18_i_m2_un3_n is collapsed...
Note 13707: Node N_299 is collapsed...
Note 13707: Node N_291 is collapsed...
Note 13707: Node c3 is collapsed...
Note 13707: Node g3 is collapsed...
Note 13707: Node b3 is collapsed...
Note 13707: Node sec_cy_i is collapsed...
Note 13707: Node m_cy_i is collapsed...
Note 13707: Node un1_mm_1_i is collapsed...
Note 13707: Node m_i_1__n is collapsed...
Note 13707: Node hh_i_0__n is collapsed...
Note 13707: Node sseg_mm_seg_buf_0__n_3_i_n is collapsed...
Note 13707: Node h_i_3__n is collapsed...
Note 13707: Node sseg_mm_n_7_n is collapsed...
Note 13707: Node N_292 is collapsed...
Note 13707: Node G_154 is collapsed...
Note 13707: Node N_111 is collapsed...
Note 13707: Node N_290_i is collapsed...
Note 13707: Node N_299_0 is collapsed...
Note 13707: Node N_288_i is collapsed...
Note 13707: Node N_62 is collapsed...
Note 13707: Node N_287_i is collapsed...
Note 13707: Node e3 is collapsed...
Note 13707: Node N_83 is collapsed...
Note 13707: Node N_32_i is collapsed...
Note 13707: Node N_80 is collapsed...
Note 13707: Node sseg_mm_seg_buf_0__n_4_mux_n is collapsed...
Note 13707: Node N_30_i is collapsed...
Note 13707: Node N_85 is collapsed...
Note 13707: Node N_84 is collapsed...
Note 13707: Node N_105 is collapsed...
Note 13707: Node N_108 is collapsed...
Note 13707: Node N_107 is collapsed...
Note 13707: Node sseg_m_G_166 is collapsed...
Note 13707: Node N_28_i is collapsed...
Note 13707: Node N_112 is collapsed...
Note 13707: Node N_58 is collapsed...
Note 13707: Node N_42 is collapsed...
Note 13707: Node N_43 is collapsed...
Note 13707: Node N_18_i is collapsed...
Note 13707: Node N_39 is collapsed...
Note 13707: Node N_37 is collapsed...
Note 13707: Node N_35 is collapsed...
Note 13707: Node N_33 is collapsed...
Note 13707: Node b3_0 is collapsed...
Note 13707: Node N_40 is collapsed...
Note 13707: Node g3_0 is collapsed...
Note 13707: Node N_38 is collapsed...
Note 13707: Node N_289_i is collapsed...
Note 13707: Node N_36 is collapsed...
Note 13707: Node c3_0 is collapsed...
Note 13707: Node sseg_m_led18_i_m2_un0_n is collapsed...
Note 13707: Node N_34 is collapsed...
Note 13707: Node sseg_m_led18_i_m2_un1_n is collapsed...
Note 13707: Node f3 is collapsed...
Note 13707: Node un2_h_1 is collapsed...
Note 13707: Node sseg_m_G_168 is collapsed...
Note 13707: Node h_1_0 is collapsed...
Note 13707: Node sseg_m_G_178 is collapsed...
Note 13707: Node sseg_m_led15_i_m2_un1_n is collapsed...
Note 13707: Node sseg_m_G_176 is collapsed...
Note 13707: Node hh_cy is collapsed...
Note 13707: Node m_1_0 is collapsed...
Note 13707: Node N_60 is collapsed...
Note 13707: Node sseg_m_G_156 is collapsed...
Note 13707: Node G_110 is collapsed...
Note 13707: Node un1_h is collapsed...
Note 13707: Node N_82 is collapsed...
Note 13707: Node G_112 is collapsed...
Note 13707: Node sseg_m_led17_i_m2_un0_n is collapsed...
Note 13707: Node N_81 is collapsed...
Note 13707: Node N_26_i is collapsed...
Note 13707: Node N_78 is collapsed...
Note 13707: Node sseg_mm_seg_buf20_n is collapsed...
Note 13707: Node N_79 is collapsed...
Note 13707: Node sseg_m_led9_i_m2_un0_n is collapsed...
Note 13707: Node G_114 is collapsed...
Note 13707: Node sseg_m_led9_i_m2_un1_n is collapsed...
Note 13707: Node G_116 is collapsed...
Note 13707: Node N_113 is collapsed...
Note 13707: Node G_118 is collapsed...
Note 13707: Node N_24_i is collapsed...
Note 13707: Node N_74 is collapsed...
Note 13707: Node N_107_1 is collapsed...
Note 13707: Node N_75 is collapsed...
Note 13707: Node N_84_1 is collapsed...
Note 13707: Node N_72 is collapsed...
Note 13707: Node N_81_1 is collapsed...
Note 13707: Node N_68 is collapsed...
Note 13707: Node N_79_1 is collapsed...
Note 13707: Node N_67 is collapsed...
Note 13707: Node N_78_1 is collapsed...
Note 13707: Node N_69 is collapsed...
Note 13707: Node N_75_1 is collapsed...
Note 13707: Node N_71 is collapsed...
Note 13707: Node N_74_1 is collapsed...
Note 13707: Node N_70 is collapsed...
Note 13707: Node N_71_1 is collapsed...
Note 13707: Node N_106 is collapsed...
Note 13707: Node N_69_1 is collapsed...
Note 13707: Node N_73 is collapsed...
Note 13707: Node N_67_1 is collapsed...
Note 13707: Node G_120 is collapsed...
Note 13707: Node N_82_2 is collapsed...
Note 13707: Node G_122 is collapsed...
Note 13707: Node N_82_1 is collapsed...
Note 13707: Node G_124 is collapsed...
Note 13707: Node N_22_i is collapsed...
Note 13707: Node sseg_mm_n_10_n is collapsed...
Note 13707: Node G_126 is collapsed...
Note 13707: Node sseg_mm_n_11_n is collapsed...
Note 13707: Node G_128 is collapsed...
Note 13707: Node G_130 is collapsed...
Note 13707: Node G_132 is collapsed...
Note 13707: Node G_134 is collapsed...
Note 13707: Node N_290_i_2 is collapsed...
Note 13707: Node N_208 is collapsed...
Note 13707: Node N_290_i_1 is collapsed...
Note 13707: Node N_20_i is collapsed...
Note 13707: Node hh_cy_2 is collapsed...
Note 13707: Node N_20_i_4 is collapsed...
Note 13707: Node hh_cy_1 is collapsed...
Note 13707: Node N_180 is collapsed...
Note 13707: Node un2_h_1_1 is collapsed...
Note 13707: Node N_26_i_1 is collapsed...
Note 13707: Node m_cy_1 is collapsed...
Note 13707: Node sseg_m_sec_n0 is collapsed...
Note 13707: Node sec_cy_4 is collapsed...
Note 13707: Node N_26_i_2 is collapsed...
Note 13707: Node sec_cy_3 is collapsed...
Note 13707: Node N_73_1 is collapsed...
Note 13707: Node sec_cy_2 is collapsed...
Note 13707: Node N_73_2 is collapsed...
Note 13707: Node sec_cy_1 is collapsed...
Note 13707: Node N_106_1 is collapsed...
Note 13707: Node un1_mm_1_1 is collapsed...
Note 13707: Node N_106_2 is collapsed...
Note 13707: Node un1_h_1 is collapsed...
Note 13707: Node N_106_3 is collapsed...
Note 13707: Node N_106_7 is collapsed...
Note 13707: Node N_106_4 is collapsed...
Note 13707: Node m_i_0__n is collapsed...
Note 13707: Node m_i_2__n is collapsed...
Note 13707: Node m_i_3__n is collapsed...
Note 13707: Node h_i_2__n is collapsed...
Note 13707: Node h_i_0__n is collapsed...
Note 13707: Node mm_i_2__n is collapsed...
Note 13707: Node mm_i_0__n is collapsed...
Note 13707: Node h_i_1__n is collapsed...
Note 13707: Node mm_i_1__n is collapsed...
Note 13707: Node s_hh_6__n is collapsed...
Note 13707: Node N_166 is collapsed...
Note 13707: Node N_115 is collapsed...
Note 13707: Node N_294_i is collapsed...
Note 13707: Node N_116 is collapsed...
Note 13707: Node N_170 is collapsed...
Note 13707: Node N_42_1 is collapsed...
Note 13707: Node N_31 is collapsed...
Note 13707: Node N_174 is collapsed...
Note 13707: Node sec_c4 is collapsed...
Note 13707: Node next_h_0_sqmuxa is collapsed...
Note 13707: Node sec_c2 is collapsed...
Note 13707: Node sseg_mm_n_7_i_n is collapsed...
Note 13707: Node N_296_i is collapsed...
Note 13707: Node N_160 is collapsed...
Note 13707: Node sseg_m_G_164 is collapsed...
Note 13707: Node N_178 is collapsed...
Note 13707: Node sseg_m_G_152 is collapsed...
Note 13707: Node N_117 is collapsed...
Note 13707: Node sseg_m_hh_2_0_198_i_x2 is collapsed...
Note 13707: Node N_150_1 is collapsed...
Note 13707: Node N_200 is collapsed...
Note 13707: Node led_gnd1_i is collapsed...
Note 13707: Node N_91 is collapsed...
Note 13707: Node sseg_m_sec_n2 is collapsed...
Note 13707: Node sseg_m_sec_n1 is collapsed...
Note 13707: Node N_22_i_1 is collapsed...
Note 13707: Node N_61 is collapsed...
Note 13707: Node sseg_m_sec_n4 is collapsed...
Note 13707: Node sseg_m_led16_i_m2_un0_n is collapsed...
Note 13707: Node N_77 is collapsed...
Note 13707: Node N_59 is collapsed...
Note 13707: Node N_287_i_2 is collapsed...
Note 13707: Node N_291_i is collapsed...
Note 13707: Node next_m_0_sqmuxa is collapsed...
Note 13707: Node N_158 is collapsed...
Note 13707: Node N_164 is collapsed...
Note 13707: Node N_102_1 is collapsed...
Note 13707: Node sec_c1 is collapsed...
Note 13707: Node clk_div_i_7__n is collapsed...
Note 13707: Node N_134_i is collapsed...
Note 13707: Node btn_SAFE_c is collapsed...
Note 13707: Node clk_c is collapsed...
Note 13707: Node sseg_mm_SEG_buf_0__m2 is collapsed...
Note 13707: Node N_190 is collapsed...
Note 13707: Node led8_c is collapsed...
Note 13707: Node next_sec_1_sqmuxa is collapsed...
Note 13707: Node m_1 is collapsed...
Note 13707: Node N_90 is collapsed...
Note 13707: Node sseg_m_led16_i_m2_un1_n is collapsed...
Note 13707: Node N_288_i_2 is collapsed...
Note 13707: Node N_106_6 is collapsed...
Note 13707: Node sseg_m_led17_i_m2_un1_n is collapsed...
Note 13707: Node N_288_i_1 is collapsed...
Note 13707: Node sseg_m_led15_i_m2_un0_n is collapsed...
Note 13707: Node N_20_i_3 is collapsed...
Note 13707: Node N_287_i_1 is collapsed...
Note 13707: Node N_106_5 is collapsed...
Note 13707: Node N_76 is collapsed...
Note 13707: Node un1_mm_1 is collapsed...
Note 13707: Node N_132 is collapsed...
Note 13707: Node N_172 is collapsed...
Note 13707: Node N_295_i is collapsed...
Note 13707: Node N_292_0 is collapsed...
Note 13707: Node N_289_i_1 is collapsed...
Note 13707: Node sseg_m_sec_n5 is collapsed...
Note 13707: Node N_24_i_1 is collapsed...
Note 13707: Node N_22_i_2 is collapsed...
Note 13707: Node N_20_i_2 is collapsed...
Note 13707: Node N_24_i_2 is collapsed...
Note 13707: Node N_20_i_1 is collapsed...
Note 13707: Node m_cy is collapsed...
Note 13707: Node sseg_m_sec_n3 is collapsed...
Note 13707: Node sseg_m_sec_n6 is collapsed...
Note 13707: Node led_second_tick_c_0 is collapsed...
Note 13707: Fmax mode optimizing 3 critical paths, 4 levels ...
Note 13707: Fmax mode optimizing 9 critical paths, 3 levels ...
Note 13707: Fmax mode optimizing 33 critical paths, 2 levels ...
Note 13707: Node sec_cy is collapsed...
Note 13707: Node h_cy_i is collapsed...
Note 13707: Fmax mode optimizing 13 critical paths, 2 levels ...
Note 13707: Node sec_c3 is collapsed...
Note 13707: Node h_1 is collapsed...
Note 13707: Fmax mode optimizing 5 critical paths, 2 levels ...
Note 13707: Node N_176 is collapsed...
Note 13707: Fmax mode optimizing 2 critical paths, 2 levels ...
Note 13707: Node N_168 is collapsed...
Note 13707: Node N_162 is collapsed...
Note 13707: Fmax mode satisfied
Control path optimization...
Performing 'bypin choose' optimization...
..................Note    0: 
Estimated (clusters + macrocells): 54, Fmax Logic Level: 1
Writing Open-ABEL 2 (BLIF) file test01.bl3...
Note    0: 
BLIFOPT complete - Time 0 seconds
Done: completed successfully.

Starting: 'D:\lscc\ispLEVER_Classic2_0\ispcpld\bin\abelvci.exe -vci test01.lct -dev lc4k -diofft test01.d0'

Done: completed successfully.

Starting: 'D:\lscc\ispLEVER_Classic2_0\ispcpld\bin\mdiofft.exe test01.bl3 -family AMDMACH -idev van -o test01.bl4 -oxrf test01.xrf -err automake.err @test01.d0 -gui'

DIOFFT  Flip-Flop Transformation program
ispLEVER Classic 2.0 Copyright 1992-2015 Lattice Semiconductor. All Rights Reserved.
Input file: test01.bl3.
Output file: test01.bl4.
Cross reference file: test01.xrf.

.......................................................................
.......................................................................
............................
Shortening signal names...
Writing signal name cross reference file test01.xrf... 

DIOFFT complete - Time 0 seconds
Done: completed successfully.

Starting: 'D:\lscc\ispLEVER_Classic2_0\ispcpld\bin\abelvci.exe -vci test01.lct -dev lc4k -prefit test01.l0'

Done: completed successfully.

Starting: 'D:\lscc\ispLEVER_Classic2_0\ispcpld\bin\prefit.exe -blif -inp test01.bl4 -out test01.bl5 -err automake.err -log test01.log -mod test01 @test01.l0 -gui -sc'

Prefit Logic Optimizer (May 31 2012)  Thu Feb 18 09:40:41 2016

D:\lscc\ispLEVER_Classic2_0\ispcpld\bin\prefit.exe -blif -inp test01.bl4 -out test01.bl5 -err automake.err -log test01.log -mod test01 @test01.l0 -gui -sc 
<Note> F34000: m_0_.CE has too many product terms. An node will be applied.
<Note> F34000: m_1_.CE has too many product terms. An node will be applied.
<Note> F34000: m_2_.CE has too many product terms. An node will be applied.
<Note> F34000: m_3_.CE has too many product terms. An node will be applied.
<Note> F34000: mm_0_.CE has too many product terms. An node will be applied.
<Note> F34000: mm_1_.CE has too many product terms. An node will be applied.
<Note> F34000: mm_2_.CE has too many product terms. An node will be applied.
<Note> F34000: h_0_.CE has too many product terms. An node will be applied.
<Note> F34000: h_1_.CE has too many product terms. An node will be applied.
<Note> F34000: h_2_.CE has too many product terms. An node will be applied.
<Note> F34000: h_3_.CE has too many product terms. An node will be applied.
<Note> F34000: hh_0_.CE has too many product terms. An node will be applied.
<Note> F34000: hh_1_.CE has too many product terms. An node will be applied.
<Note> F34000: buried node m_0__0 generated
<Note> F34000: buried node mm_0__0 generated
<Note> F34000: buried node h_0__0 generated
<Note> F34000: buried node hh_0__0 generated

Number of pins (IO)    :    24
Number of outputs (MC) :    58
Number of registers    :    34
Number of logic pterms :   136
D:\lscc\ispLEVER_Classic2_0\ispcpld\bin\prefit.exe complete - Time 0 seconds

Done: completed successfully.

Starting: 'D:\lscc\ispLEVER_Classic2_0\ispcpld\bin\lpf4k.exe @"test01.rs2"'

Project 'test01' was Fitted Successfully!

Done: completed successfully.

Starting: 'D:\lscc\ispLEVER_Classic2_0\ispcpld\bin\tda.exe -i test01.bl5 -o test01.tda -lci test01.lct -dev m4s_64_30 -family lc4k -mod test01 -ovec NoInput.tmv -err tda.err -gui'

TDA  - Timing Driven Analyze 
Ver. 1.0, supported by Lattice Semiconductor
ispLEVER Classic 2.0 Copyright 1992-2015 Lattice Semiconductor. All Rights Reserved.

TDA complete - Time 1 seconds
Done: completed successfully.

Starting: 'D:\lscc\ispLEVER_Classic2_0\ispcpld\bin\synsvf.exe -exe "D:\lscc\ispLEVER_Classic2_0\ispvmsystem/ispufw" -prj test01 -if test01.jed -j2s -log test01.svl -gui'

Need not generate svf file according to the constraints, exit
Done: completed successfully.
